{"/Users/abdoulayekake/Documents/Formations/Mobile/ReactNative/manage-taskflow/app/+not-found.tsx": {"path":"/Users/abdoulayekake/Documents/Formations/Mobile/ReactNative/manage-taskflow/app/+not-found.tsx","statementMap":{"0":{"start":{"line":5,"column":2},"end":{"line":15,"column":4}},"1":{"start":{"line":18,"column":15},"end":{"line":33,"column":2}}},"fnMap":{"0":{"name":"NotFoundScreen","decl":{"start":{"line":4,"column":24},"end":{"line":4,"column":38}},"loc":{"start":{"line":4,"column":41},"end":{"line":16,"column":1}},"line":4}},"branchMap":{},"s":{"0":0,"1":0},"f":{"0":0},"b":{}}
,"/Users/abdoulayekake/Documents/Formations/Mobile/ReactNative/manage-taskflow/app/_layout.tsx": {"path":"/Users/abdoulayekake/Documents/Formations/Mobile/ReactNative/manage-taskflow/app/_layout.tsx","statementMap":{"0":{"start":{"line":7,"column":2},"end":{"line":7,"column":22}},"1":{"start":{"line":9,"column":2},"end":{"line":16,"column":4}}},"fnMap":{"0":{"name":"RootLayout","decl":{"start":{"line":6,"column":24},"end":{"line":6,"column":34}},"loc":{"start":{"line":6,"column":37},"end":{"line":17,"column":1}},"line":6}},"branchMap":{},"s":{"0":0,"1":0},"f":{"0":0},"b":{}}
,"/Users/abdoulayekake/Documents/Formations/Mobile/ReactNative/manage-taskflow/app/(tabs)/_layout.tsx": {"path":"/Users/abdoulayekake/Documents/Formations/Mobile/ReactNative/manage-taskflow/app/(tabs)/_layout.tsx","statementMap":{"0":{"start":{"line":5,"column":2},"end":{"line":30,"column":4}},"1":{"start":{"line":16,"column":12},"end":{"line":16,"column":53}},"2":{"start":{"line":25,"column":12},"end":{"line":25,"column":50}}},"fnMap":{"0":{"name":"TabLayout","decl":{"start":{"line":4,"column":24},"end":{"line":4,"column":33}},"loc":{"start":{"line":4,"column":36},"end":{"line":31,"column":1}},"line":4},"1":{"name":"(anonymous_1)","decl":{"start":{"line":15,"column":22},"end":{"line":15,"column":23}},"loc":{"start":{"line":16,"column":12},"end":{"line":16,"column":53}},"line":16},"2":{"name":"(anonymous_2)","decl":{"start":{"line":24,"column":22},"end":{"line":24,"column":23}},"loc":{"start":{"line":25,"column":12},"end":{"line":25,"column":50}},"line":25}},"branchMap":{},"s":{"0":0,"1":0,"2":0},"f":{"0":0,"1":0,"2":0},"b":{}}
,"/Users/abdoulayekake/Documents/Formations/Mobile/ReactNative/manage-taskflow/app/(tabs)/index.tsx": {"path":"/Users/abdoulayekake/Documents/Formations/Mobile/ReactNative/manage-taskflow/app/(tabs)/index.tsx","statementMap":{"0":{"start":{"line":7,"column":74},"end":{"line":7,"column":88}},"1":{"start":{"line":9,"column":2},"end":{"line":11,"column":9}},"2":{"start":{"line":10,"column":4},"end":{"line":10,"column":17}},"3":{"start":{"line":13,"column":2},"end":{"line":19,"column":3}},"4":{"start":{"line":14,"column":4},"end":{"line":18,"column":6}},"5":{"start":{"line":21,"column":2},"end":{"line":27,"column":3}},"6":{"start":{"line":22,"column":4},"end":{"line":26,"column":6}},"7":{"start":{"line":29,"column":2},"end":{"line":59,"column":4}},"8":{"start":{"line":33,"column":32},"end":{"line":33,"column":39}},"9":{"start":{"line":35,"column":10},"end":{"line":52,"column":17}},"10":{"start":{"line":37,"column":29},"end":{"line":37,"column":80}},"11":{"start":{"line":48,"column":29},"end":{"line":48,"column":48}},"12":{"start":{"line":62,"column":15},"end":{"line":122,"column":2}}},"fnMap":{"0":{"name":"TasksScreen","decl":{"start":{"line":6,"column":24},"end":{"line":6,"column":35}},"loc":{"start":{"line":6,"column":38},"end":{"line":60,"column":1}},"line":6},"1":{"name":"(anonymous_1)","decl":{"start":{"line":9,"column":12},"end":{"line":9,"column":13}},"loc":{"start":{"line":9,"column":18},"end":{"line":11,"column":3}},"line":9},"2":{"name":"(anonymous_2)","decl":{"start":{"line":33,"column":22},"end":{"line":33,"column":23}},"loc":{"start":{"line":33,"column":32},"end":{"line":33,"column":39}},"line":33},"3":{"name":"(anonymous_3)","decl":{"start":{"line":34,"column":20},"end":{"line":34,"column":21}},"loc":{"start":{"line":35,"column":10},"end":{"line":52,"column":17}},"line":35},"4":{"name":"(anonymous_4)","decl":{"start":{"line":37,"column":23},"end":{"line":37,"column":24}},"loc":{"start":{"line":37,"column":29},"end":{"line":37,"column":80}},"line":37},"5":{"name":"(anonymous_5)","decl":{"start":{"line":48,"column":23},"end":{"line":48,"column":24}},"loc":{"start":{"line":48,"column":29},"end":{"line":48,"column":48}},"line":48}},"branchMap":{"0":{"loc":{"start":{"line":13,"column":2},"end":{"line":19,"column":3}},"type":"if","locations":[{"start":{"line":13,"column":2},"end":{"line":19,"column":3}},{"start":{},"end":{}}],"line":13},"1":{"loc":{"start":{"line":21,"column":2},"end":{"line":27,"column":3}},"type":"if","locations":[{"start":{"line":21,"column":2},"end":{"line":27,"column":3}},{"start":{},"end":{}}],"line":21},"2":{"loc":{"start":{"line":41,"column":16},"end":{"line":41,"column":54}},"type":"binary-expr","locations":[{"start":{"line":41,"column":16},"end":{"line":41,"column":30}},{"start":{"line":41,"column":34},"end":{"line":41,"column":54}}],"line":41}},"s":{"0":0,"1":0,"2":0,"3":0,"4":0,"5":0,"6":0,"7":0,"8":0,"9":0,"10":0,"11":0,"12":0},"f":{"0":0,"1":0,"2":0,"3":0,"4":0,"5":0},"b":{"0":[0,0],"1":[0,0],"2":[0,0]}}
,"/Users/abdoulayekake/Documents/Formations/Mobile/ReactNative/manage-taskflow/app/(tabs)/settings.tsx": {"path":"/Users/abdoulayekake/Documents/Formations/Mobile/ReactNative/manage-taskflow/app/(tabs)/settings.tsx","statementMap":{"0":{"start":{"line":4,"column":18},"end":{"line":9,"column":3}},"1":{"start":{"line":11,"column":2},"end":{"line":31,"column":4}},"2":{"start":{"line":16,"column":10},"end":{"line":19,"column":17}},"3":{"start":{"line":34,"column":15},"end":{"line":73,"column":2}}},"fnMap":{"0":{"name":"SettingsScreen","decl":{"start":{"line":3,"column":24},"end":{"line":3,"column":38}},"loc":{"start":{"line":3,"column":41},"end":{"line":32,"column":1}},"line":3},"1":{"name":"(anonymous_1)","decl":{"start":{"line":15,"column":37},"end":{"line":15,"column":38}},"loc":{"start":{"line":16,"column":10},"end":{"line":19,"column":17}},"line":16}},"branchMap":{},"s":{"0":3,"1":3,"2":12,"3":1},"f":{"0":3,"1":12},"b":{},"_coverageSchema":"1a1c01bbd47fc00a2c39e90264f33305004495a9","hash":"0aec65bbc748abef6c4648e7db4ec1d389e426ff"}
}
